2016-12-10 An errored row in the log file. 400 
A dummy row in the log file.
2016-12-10 An errored row in the log file. 404 
2016-12-10 A dummy row in the log file.
2016-12-10 An errored row in the log file. 408 
2016-12-10 A dummy row in the log file.
An errored row in the log file. 502 2016-12-10
An errored row in the log file. 503 2016-12-10
2016-12-10 A dummy row in the log file.
2016-12-10 An errored row in the log file. 200 
2016-12-10 A dummy row in the log file.
A dummy row in the log file.
A dummy row in the log file.
A dummy row in the log file.
2016-12-10 An errored row in the log file. 405 
A dummy row in the log file.
2016-12-10 An errored row in the log file. 500 
2016-12-10 A dummy row in the log file.
A dummy row in the log file.
An errored row in the log file. 511 2016-12-10
2016-12-10 An errored row in the log file. 200 
2016-12-10 A dummy row in the log file.
202 An errored row in the log file. 2016-12-10
2016-12-10 A dummy row in the log file.
401 An errored row in the log file. 2016-12-10
2016-12-10 An errored row in the log file. 405 
A dummy row in the log file.
504 A dummy row in the log file.
A dummy row in the log file.
A dummy row in the log file.
A dummy row in the log file.
A dummy row in the log file.
2016-12-10 An errored row in the log file. 401 
404 A dummy row in the log file.
408 A dummy row in the log file.
2016-12-10 An errored row in the log file. 500 
2016-12-10 A dummy row in the log file.
A dummy row in the log file.
504 A dummy row in the log file.
An errored row in the log file. 511 2016-12-10
A dummy row in the log file.
2016-12-10 An errored row in the log file. 202 
2016-12-10 A dummy row in the log file.
2016-12-10 An errored row in the log file. 401 
403 A dummy row in the log file.
404 An errored row in the log file. 2016-12-10
2016-12-10 An errored row in the log file. 408 

